<?xml version="1.0" encoding="UTF-8" ?>

<testsuite failures="0" time="0.021" errors="0" skipped="0" tests="5" name="BasicTest">
  <testcase classname="BasicTest" name="aVeryImportantThingToTest" time="0">
      </testcase>
  <testcase classname="BasicTest" name="testMultipleMessages" time="0.006">
      </testcase>
  <testcase classname="BasicTest" name="testNoMessagese" time="0.005">
      </testcase>
  <testcase classname="BasicTest" name="testCreateMessage" time="0.008">
      </testcase>
  <testcase classname="BasicTest" name="testCreateUser" time="0.002">
      </testcase>
</testsuite>
